0 info it worked if it ends with ok
1 verbose cli [ '/usr/bin/node', '/usr/bin/npm', 'install', '-g', 'gulp' ]
2 info using npm@1.4.28
3 info using node@v0.10.37
4 verbose node symlink /usr/bin/node
5 verbose cache add [ 'gulp', null ]
6 verbose cache add name=undefined spec="gulp" args=["gulp",null]
7 verbose parsed url { protocol: null,
7 verbose parsed url   slashes: null,
7 verbose parsed url   auth: null,
7 verbose parsed url   host: null,
7 verbose parsed url   port: null,
7 verbose parsed url   hostname: null,
7 verbose parsed url   hash: null,
7 verbose parsed url   search: null,
7 verbose parsed url   query: null,
7 verbose parsed url   pathname: 'gulp',
7 verbose parsed url   path: 'gulp',
7 verbose parsed url   href: 'gulp' }
8 silly lockFile 9750c68d-gulp gulp
9 verbose lock gulp /home/georges/.npm/9750c68d-gulp.lock
10 silly lockFile 9750c68d-gulp gulp
11 silly lockFile 9750c68d-gulp gulp
12 verbose addNamed [ 'gulp', '' ]
13 verbose addNamed [ null, '*' ]
14 silly lockFile 72f4391e-gulp gulp@
15 verbose lock gulp@ /home/georges/.npm/72f4391e-gulp.lock
16 silly addNameRange { name: 'gulp', range: '*', hasData: false }
17 verbose request where is /gulp
18 verbose request registry https://registry.npmjs.org/
19 verbose request id 6d912eabb78c8fb2
20 verbose url raw /gulp
21 verbose url resolving [ 'https://registry.npmjs.org/', './gulp' ]
22 verbose url resolved https://registry.npmjs.org/gulp
23 verbose request where is https://registry.npmjs.org/gulp
24 info trying registry request attempt 1 at 11:55:21
25 http GET https://registry.npmjs.org/gulp
26 http 200 https://registry.npmjs.org/gulp
27 silly registry.get cb [ 200,
27 silly registry.get   { server: 'nginx/1.10.1',
27 silly registry.get     'content-type': 'application/json',
27 silly registry.get     'last-modified': 'Wed, 07 Dec 2016 08:07:38 GMT',
27 silly registry.get     etag: 'W/"5847c34a-1c9af"',
27 silly registry.get     'content-encoding': 'gzip',
27 silly registry.get     'cache-control': 'max-age=300',
27 silly registry.get     'content-length': '16671',
27 silly registry.get     'accept-ranges': 'bytes',
27 silly registry.get     date: 'Wed, 07 Dec 2016 10:55:21 GMT',
27 silly registry.get     via: '1.1 varnish',
27 silly registry.get     age: '103',
27 silly registry.get     connection: 'keep-alive',
27 silly registry.get     'x-served-by': 'cache-lhr6349-LHR',
27 silly registry.get     'x-cache': 'HIT',
27 silly registry.get     'x-cache-hits': '5',
27 silly registry.get     'x-timer': 'S1481108121.566489,VS0,VE0',
27 silly registry.get     vary: 'Accept-Encoding' } ]
28 silly addNameRange number 2 { name: 'gulp', range: '*', hasData: true }
29 silly addNameRange versions [ 'gulp',
29 silly addNameRange   [ '0.0.1',
29 silly addNameRange     '0.0.2',
29 silly addNameRange     '0.0.3',
29 silly addNameRange     '0.0.4',
29 silly addNameRange     '0.0.5',
29 silly addNameRange     '0.0.7',
29 silly addNameRange     '0.0.8',
29 silly addNameRange     '0.0.9',
29 silly addNameRange     '0.1.0',
29 silly addNameRange     '0.2.0',
29 silly addNameRange     '1.0.0',
29 silly addNameRange     '1.1.0',
29 silly addNameRange     '1.2.0',
29 silly addNameRange     '1.2.1',
29 silly addNameRange     '2.0.0',
29 silly addNameRange     '2.0.1',
29 silly addNameRange     '2.1.0',
29 silly addNameRange     '2.2.0',
29 silly addNameRange     '2.3.0',
29 silly addNameRange     '2.4.0',
29 silly addNameRange     '2.4.1',
29 silly addNameRange     '2.6.0',
29 silly addNameRange     '2.6.1',
29 silly addNameRange     '2.7.0',
29 silly addNameRange     '3.0.0',
29 silly addNameRange     '3.1.1',
29 silly addNameRange     '3.1.2',
29 silly addNameRange     '3.1.3',
29 silly addNameRange     '3.1.4',
29 silly addNameRange     '3.2.0',
29 silly addNameRange     '3.2.1',
29 silly addNameRange     '3.2.2',
29 silly addNameRange     '3.2.3',
29 silly addNameRange     '3.2.4',
29 silly addNameRange     '3.2.5',
29 silly addNameRange     '3.3.0',
29 silly addNameRange     '3.3.1',
29 silly addNameRange     '3.3.2',
29 silly addNameRange     '3.3.4',
29 silly addNameRange     '3.4.0',
29 silly addNameRange     '3.5.0',
29 silly addNameRange     '3.5.1',
29 silly addNameRange     '3.5.2',
29 silly addNameRange     '3.5.5',
29 silly addNameRange     '3.5.6',
29 silly addNameRange     '3.6.0',
29 silly addNameRange     '3.6.1',
29 silly addNameRange     '3.6.2',
29 silly addNameRange     '3.7.0',
29 silly addNameRange     '3.8.0',
29 silly addNameRange     '3.8.1',
29 silly addNameRange     '3.8.2',
29 silly addNameRange     '3.8.3',
29 silly addNameRange     '3.8.4',
29 silly addNameRange     '3.8.5',
29 silly addNameRange     '3.8.6',
29 silly addNameRange     '3.8.7',
29 silly addNameRange     '3.8.8',
29 silly addNameRange     '3.8.9',
29 silly addNameRange     '3.8.10',
29 silly addNameRange     '3.8.11',
29 silly addNameRange     '3.9.0',
29 silly addNameRange     '3.9.1' ] ]
30 verbose addNamed [ 'gulp', '3.9.1' ]
31 verbose addNamed [ '3.9.1', '3.9.1' ]
32 silly lockFile d9f1ef79-gulp-3-9-1 gulp@3.9.1
33 verbose lock gulp@3.9.1 /home/georges/.npm/d9f1ef79-gulp-3-9-1.lock
34 silly lockFile d95592da-ry-npmjs-org-gulp-gulp-3-9-1-tgz https://registry.npmjs.org/gulp/-/gulp-3.9.1.tgz
35 verbose lock https://registry.npmjs.org/gulp/-/gulp-3.9.1.tgz /home/georges/.npm/d95592da-ry-npmjs-org-gulp-gulp-3-9-1-tgz.lock
36 verbose addRemoteTarball [ 'https://registry.npmjs.org/gulp/-/gulp-3.9.1.tgz',
36 verbose addRemoteTarball   '571ce45928dd40af6514fc4011866016c13845b4' ]
37 info retry fetch attempt 1 at 11:55:21
38 verbose fetch to= /tmp/npm-10709-apBaS3Lb/registry.npmjs.org/gulp/-/gulp-3.9.1.tgz
39 http GET https://registry.npmjs.org/gulp/-/gulp-3.9.1.tgz
40 http 200 https://registry.npmjs.org/gulp/-/gulp-3.9.1.tgz
41 silly lockFile d95592da-ry-npmjs-org-gulp-gulp-3-9-1-tgz https://registry.npmjs.org/gulp/-/gulp-3.9.1.tgz
42 silly lockFile d95592da-ry-npmjs-org-gulp-gulp-3-9-1-tgz https://registry.npmjs.org/gulp/-/gulp-3.9.1.tgz
43 silly lockFile d9f1ef79-gulp-3-9-1 gulp@3.9.1
44 silly lockFile d9f1ef79-gulp-3-9-1 gulp@3.9.1
45 silly lockFile 72f4391e-gulp gulp@
46 silly lockFile 72f4391e-gulp gulp@
47 silly resolved [ { name: 'gulp',
47 silly resolved     description: 'The streaming build system',
47 silly resolved     version: '3.9.1',
47 silly resolved     homepage: 'http://gulpjs.com',
47 silly resolved     repository: { type: 'git', url: 'git+https://github.com/gulpjs/gulp.git' },
47 silly resolved     author:
47 silly resolved      { name: 'Fractal',
47 silly resolved        email: 'contact@wearefractal.com',
47 silly resolved        url: 'http://wearefractal.com/' },
47 silly resolved     tags: [ 'build', 'stream', 'system', 'make', 'tool', 'asset', 'pipeline' ],
47 silly resolved     files: [ 'index.js', 'lib', 'bin', 'completion', 'gulp.1' ],
47 silly resolved     bin: { gulp: './bin/gulp.js' },
47 silly resolved     man: [ 'gulp.1' ],
47 silly resolved     dependencies:
47 silly resolved      { archy: '^1.0.0',
47 silly resolved        chalk: '^1.0.0',
47 silly resolved        deprecated: '^0.0.1',
47 silly resolved        'gulp-util': '^3.0.0',
47 silly resolved        interpret: '^1.0.0',
47 silly resolved        liftoff: '^2.1.0',
47 silly resolved        minimist: '^1.1.0',
47 silly resolved        orchestrator: '^0.3.0',
47 silly resolved        'pretty-hrtime': '^1.0.0',
47 silly resolved        semver: '^4.1.0',
47 silly resolved        tildify: '^1.0.0',
47 silly resolved        v8flags: '^2.0.2',
47 silly resolved        'vinyl-fs': '^0.3.0' },
47 silly resolved     devDependencies:
47 silly resolved      { coveralls: '^2.7.0',
47 silly resolved        eslint: '^1.7.3',
47 silly resolved        'eslint-config-gulp': '^2.0.0',
47 silly resolved        'graceful-fs': '^3.0.0',
47 silly resolved        istanbul: '^0.3.0',
47 silly resolved        jscs: '^2.3.5',
47 silly resolved        'jscs-preset-gulp': '^1.0.0',
47 silly resolved        'marked-man': '^0.1.3',
47 silly resolved        mkdirp: '^0.5.0',
47 silly resolved        mocha: '^2.0.1',
47 silly resolved        'mocha-lcov-reporter': '^0.0.1',
47 silly resolved        q: '^1.0.0',
47 silly resolved        rimraf: '^2.2.5',
47 silly resolved        should: '^5.0.1' },
47 silly resolved     scripts:
47 silly resolved      { prepublish: 'marked-man --name gulp docs/CLI.md > gulp.1',
47 silly resolved        lint: 'eslint . && jscs *.js bin/ lib/ test/',
47 silly resolved        pretest: 'npm run lint',
47 silly resolved        test: 'mocha --reporter spec',
47 silly resolved        coveralls: 'istanbul cover _mocha --report lcovonly -- -R spec && cat ./coverage/lcov.info | coveralls && rm -rf ./coverage' },
47 silly resolved     engines: { node: '>= 0.9' },
47 silly resolved     license: 'MIT',
47 silly resolved     gitHead: '9c14e3a13a73a32e424f144d62566671b2fcdbed',
47 silly resolved     bugs: { url: 'https://github.com/gulpjs/gulp/issues' },
47 silly resolved     _id: 'gulp@3.9.1',
47 silly resolved     _shasum: '571ce45928dd40af6514fc4011866016c13845b4',
47 silly resolved     _from: 'gulp@',
47 silly resolved     _npmVersion: '2.14.14',
47 silly resolved     _nodeVersion: '0.10.41',
47 silly resolved     _npmUser: { name: 'phated', email: 'blaine@iceddev.com' },
47 silly resolved     maintainers: [ [Object], [Object] ],
47 silly resolved     dist:
47 silly resolved      { shasum: '571ce45928dd40af6514fc4011866016c13845b4',
47 silly resolved        tarball: 'https://registry.npmjs.org/gulp/-/gulp-3.9.1.tgz' },
47 silly resolved     _npmOperationalInternal:
47 silly resolved      { host: 'packages-6-west.internal.npmjs.com',
47 silly resolved        tmp: 'tmp/gulp-3.9.1.tgz_1454957415500_0.15343931876122952' },
47 silly resolved     directories: {},
47 silly resolved     _resolved: 'https://registry.npmjs.org/gulp/-/gulp-3.9.1.tgz' } ]
48 info install gulp@3.9.1 into /usr/lib
49 info installOne gulp@3.9.1
50 verbose lib/node_modules/gulp unbuild
51 verbose tar unpack /home/georges/.npm/gulp/3.9.1/package.tgz
52 silly lockFile df399f84-tar-usr-lib-node-modules-gulp tar:///usr/lib/node_modules/gulp
53 verbose lock tar:///usr/lib/node_modules/gulp /home/georges/.npm/df399f84-tar-usr-lib-node-modules-gulp.lock
54 silly lockFile 5efe2aff-orges-npm-gulp-3-9-1-package-tgz tar:///home/georges/.npm/gulp/3.9.1/package.tgz
55 verbose lock tar:///home/georges/.npm/gulp/3.9.1/package.tgz /home/georges/.npm/5efe2aff-orges-npm-gulp-3-9-1-package-tgz.lock
56 silly gunzTarPerm modes [ '755', '644' ]
57 error Error: EACCES, mkdir '/usr/lib/node_modules/gulp'
57 error  { [Error: EACCES, mkdir '/usr/lib/node_modules/gulp']
57 error   errno: 3,
57 error   code: 'EACCES',
57 error   path: '/usr/lib/node_modules/gulp',
57 error   fstream_type: 'Directory',
57 error   fstream_path: '/usr/lib/node_modules/gulp',
57 error   fstream_class: 'DirWriter',
57 error   fstream_stack:
57 error    [ '/usr/lib/node_modules/npm/node_modules/fstream/lib/dir-writer.js:36:23',
57 error      '/usr/lib/node_modules/npm/node_modules/mkdirp/index.js:46:53',
57 error      'Object.oncomplete (fs.js:108:15)' ] }
58 error Please try running this command again as root/Administrator.
59 error System Linux 3.19.0-32-generic
60 error command "/usr/bin/node" "/usr/bin/npm" "install" "-g" "gulp"
61 error cwd /var/www/html/new-suivisio
62 error node -v v0.10.37
63 error npm -v 1.4.28
64 error path /usr/lib/node_modules/gulp
65 error fstream_path /usr/lib/node_modules/gulp
66 error fstream_type Directory
67 error fstream_class DirWriter
68 error code EACCES
69 error errno 3
70 error stack Error: EACCES, mkdir '/usr/lib/node_modules/gulp'
71 error fstream_stack /usr/lib/node_modules/npm/node_modules/fstream/lib/dir-writer.js:36:23
71 error fstream_stack /usr/lib/node_modules/npm/node_modules/mkdirp/index.js:46:53
71 error fstream_stack Object.oncomplete (fs.js:108:15)
72 verbose exit [ 3, true ]
